Frontend/android/app/build/intermediates/manifest_merge_blame_file/debug/manifest-merger-blame-debug-report.txt
1<?xml version="1.0" encoding="utf-8"?>
2<manifest xmlns:android="http://schemas.android.com/apk/res/android"
3    package="lb.edu.lau.eru"
4    android:versionCode="1"
5    android:versionName="1.0" >
6
7    <uses-sdk
8        android:minSdkVersion="22"
8-->src\main\AndroidManifest.xml
9        android:targetSdkVersion="33" />
9-->src\main\AndroidManifest.xml
10
11    <!-- Permissions -->
12
13    <uses-permission android:name="android.permission.INTERNET" />
13-->src\main\AndroidManifest.xml:44:5-67
13-->src\main\AndroidManifest.xml:44:22-64
14    <uses-permission android:name="android.permission.VIBRATE" />
14-->[:capacitor-haptics] AndroidManifest.xml:7:5-66
14-->[:capacitor-haptics] AndroidManifest.xml:7:22-63
15    <uses-permission android:name="android.permission.ACCESS_NETWORK_STATE" />
15-->[com.google.firebase:firebase-messaging:23.3.1] AndroidManifest.xml:22:5-79
15-->[com.google.firebase:firebase-messaging:23.3.1] AndroidManifest.xml:22:22-76
16    <uses-permission android:name="android.permission.POST_NOTIFICATIONS" />
16-->[com.google.firebase:firebase-messaging:23.3.1] AndroidManifest.xml:23:5-77
16-->[com.google.firebase:firebase-messaging:23.3.1] AndroidManifest.xml:23:22-74
17    <uses-permission android:name="android.permission.WAKE_LOCK" /> <!-- Required by older versions of Google Play services to create IID tokens -->
17-->[com.google.firebase:firebase-messaging:23.3.1] AndroidManifest.xml:24:5-68
17-->[com.google.firebase:firebase-messaging:23.3.1] AndroidManifest.xml:24:22-65
18    <uses-permission android:name="com.google.android.c2dm.permission.RECEIVE" />
18-->[com.google.firebase:firebase-messaging:23.3.1] AndroidManifest.xml:26:5-82
18-->[com.google.firebase:firebase-messaging:23.3.1] AndroidManifest.xml:26:22-79
19
20    <permission
20-->[androidx.core:core:1.10.0] AndroidManifest.xml:22:5-24:47
21        android:name="lb.edu.lau.eru.DYNAMIC_RECEIVER_NOT_EXPORTED_PERMISSION"
21-->[androidx.core:core:1.10.0] AndroidManifest.xml:23:9-81
22        android:protectionLevel="signature" />
22-->[androidx.core:core:1.10.0] AndroidManifest.xml:24:9-44
23
24    <uses-permission android:name="lb.edu.lau.eru.DYNAMIC_RECEIVER_NOT_EXPORTED_PERMISSION" />
24-->[androidx.core:core:1.10.0] AndroidManifest.xml:26:5-97
24-->[androidx.core:core:1.10.0] AndroidManifest.xml:26:22-94
25
26    <application
26-->src\main\AndroidManifest.xml:4:5-40:19
27        android:allowBackup="true"
27-->src\main\AndroidManifest.xml:5:9-35
28        android:appComponentFactory="androidx.core.app.CoreComponentFactory"
28-->[androidx.core:core:1.10.0] AndroidManifest.xml:28:18-86
29        android:debuggable="true"
30        android:icon="@mipmap/ic_launcher"
30-->src\main\AndroidManifest.xml:6:9-43
31        android:label="@string/app_name"
31-->src\main\AndroidManifest.xml:7:9-41
32        android:roundIcon="@mipmap/ic_launcher_round"
32-->src\main\AndroidManifest.xml:8:9-54
33        android:supportsRtl="true"
33-->src\main\AndroidManifest.xml:9:9-35
34        android:theme="@style/AppTheme"
34-->src\main\AndroidManifest.xml:10:9-40
35        android:usesCleartextTraffic="true" >
35-->src\main\AndroidManifest.xml:11:9-44
36        <activity
36-->src\main\AndroidManifest.xml:13:9-26:20
37            android:name="lb.edu.lau.eru.MainActivity"
37-->src\main\AndroidManifest.xml:15:13-41
38            android:configChanges="orientation|keyboardHidden|keyboard|screenSize|locale|smallestScreenSize|screenLayout|uiMode"
38-->src\main\AndroidManifest.xml:14:13-129
39            android:exported="true"
39-->src\main\AndroidManifest.xml:19:13-36
40            android:label="@string/title_activity_main"
40-->src\main\AndroidManifest.xml:16:13-56
41            android:launchMode="singleTask"
41-->src\main\AndroidManifest.xml:18:13-44
42            android:theme="@style/AppTheme.NoActionBarLaunch" >
42-->src\main\AndroidManifest.xml:17:13-62
43            <intent-filter>
43-->src\main\AndroidManifest.xml:21:13-24:29
44                <action android:name="android.intent.action.MAIN" />
44-->src\main\AndroidManifest.xml:22:17-69
44-->src\main\AndroidManifest.xml:22:25-66
45
46                <category android:name="android.intent.category.LAUNCHER" />
46-->src\main\AndroidManifest.xml:23:17-77
46-->src\main\AndroidManifest.xml:23:27-74
47            </intent-filter>
48        </activity>
49
50        <provider
51            android:name="androidx.core.content.FileProvider"
51-->src\main\AndroidManifest.xml:29:13-62
52            android:authorities="lb.edu.lau.eru.fileprovider"
52-->src\main\AndroidManifest.xml:30:13-64
53            android:exported="false"
53-->src\main\AndroidManifest.xml:31:13-37
54            android:grantUriPermissions="true" >
54-->src\main\AndroidManifest.xml:32:13-47
55            <meta-data
55-->src\main\AndroidManifest.xml:33:13-35:64
56                android:name="android.support.FILE_PROVIDER_PATHS"
56-->src\main\AndroidManifest.xml:34:17-67
57                android:resource="@xml/file_paths" />
57-->src\main\AndroidManifest.xml:35:17-51
58        </provider>
59
60        <meta-data
60-->src\main\AndroidManifest.xml:37:9-39:43
61            android:name="com.google.firebase.messaging.default_notification_icon"
61-->src\main\AndroidManifest.xml:38:9-79
62            android:resource="@mipmap/logo" />
62-->src\main\AndroidManifest.xml:39:9-40
63
64        <service
64-->[:capacitor-push-notifications] AndroidManifest.xml:8:9-14:19
65            android:name="com.capacitorjs.plugins.pushnotifications.MessagingService"
65-->[:capacitor-push-notifications] AndroidManifest.xml:9:13-86
66            android:exported="false" >
66-->[:capacitor-push-notifications] AndroidManifest.xml:10:13-37
67            <intent-filter>
67-->[:capacitor-push-notifications] AndroidManifest.xml:11:13-13:29
68                <action android:name="com.google.firebase.MESSAGING_EVENT" />
68-->[:capacitor-push-notifications] AndroidManifest.xml:12:17-78
68-->[:capacitor-push-notifications] AndroidManifest.xml:12:25-75
69            </intent-filter>
70        </service>
71
72        <receiver
72-->[com.google.firebase:firebase-messaging:23.3.1] AndroidManifest.xml:29:9-40:20
73            android:name="com.google.firebase.iid.FirebaseInstanceIdReceiver"
73-->[com.google.firebase:firebase-messaging:23.3.1] AndroidManifest.xml:30:13-78
74            android:exported="true"
74-->[com.google.firebase:firebase-messaging:23.3.1] AndroidManifest.xml:31:13-36
75            android:permission="com.google.android.c2dm.permission.SEND" >
75-->[com.google.firebase:firebase-messaging:23.3.1] AndroidManifest.xml:32:13-73
76            <intent-filter>
76-->[com.google.firebase:firebase-messaging:23.3.1] AndroidManifest.xml:33:13-35:29
77                <action android:name="com.google.android.c2dm.intent.RECEIVE" />
77-->[com.google.firebase:firebase-messaging:23.3.1] AndroidManifest.xml:34:17-81
77-->[com.google.firebase:firebase-messaging:23.3.1] AndroidManifest.xml:34:25-78
78            </intent-filter>
79
80            <meta-data
80-->[com.google.firebase:firebase-messaging:23.3.1] AndroidManifest.xml:37:13-39:40
81                android:name="com.google.android.gms.cloudmessaging.FINISHED_AFTER_HANDLED"
81-->[com.google.firebase:firebase-messaging:23.3.1] AndroidManifest.xml:38:17-92
82                android:value="true" />
82-->[com.google.firebase:firebase-messaging:23.3.1] AndroidManifest.xml:39:17-37
83        </receiver>
84        <!--
85             FirebaseMessagingService performs security checks at runtime,
86             but set to not exported to explicitly avoid allowing another app to call it.
87        -->
88        <service
88-->[com.google.firebase:firebase-messaging:23.3.1] AndroidManifest.xml:46:9-53:19
89            android:name="com.google.firebase.messaging.FirebaseMessagingService"
89-->[com.google.firebase:firebase-messaging:23.3.1] AndroidManifest.xml:47:13-82
90            android:directBootAware="true"
90-->[com.google.firebase:firebase-messaging:23.3.1] AndroidManifest.xml:48:13-43
91            android:exported="false" >
91-->[com.google.firebase:firebase-messaging:23.3.1] AndroidManifest.xml:49:13-37
92            <intent-filter android:priority="-500" >
92-->[:capacitor-push-notifications] AndroidManifest.xml:11:13-13:29
93                <action android:name="com.google.firebase.MESSAGING_EVENT" />
93-->[:capacitor-push-notifications] AndroidManifest.xml:12:17-78
93-->[:capacitor-push-notifications] AndroidManifest.xml:12:25-75
94            </intent-filter>
95        </service>
96        <service
96-->[com.google.firebase:firebase-messaging:23.3.1] AndroidManifest.xml:54:9-63:19
97            android:name="com.google.firebase.components.ComponentDiscoveryService"
97-->[com.google.firebase:firebase-messaging:23.3.1] AndroidManifest.xml:55:13-84
98            android:directBootAware="true"
98-->[com.google.firebase:firebase-common:20.4.2] AndroidManifest.xml:32:13-43
99            android:exported="false" >
99-->[com.google.firebase:firebase-messaging:23.3.1] AndroidManifest.xml:56:13-37
100            <meta-data
100-->[com.google.firebase:firebase-messaging:23.3.1] AndroidManifest.xml:57:13-59:85
101                android:name="com.google.firebase.components:com.google.firebase.messaging.FirebaseMessagingKtxRegistrar"
101-->[com.google.firebase:firebase-messaging:23.3.1] AndroidManifest.xml:58:17-122
102                android:value="com.google.firebase.components.ComponentRegistrar" />
102-->[com.google.firebase:firebase-messaging:23.3.1] AndroidManifest.xml:59:17-82
103            <meta-data
103-->[com.google.firebase:firebase-messaging:23.3.1] AndroidManifest.xml:60:13-62:85
104                android:name="com.google.firebase.components:com.google.firebase.messaging.FirebaseMessagingRegistrar"
104-->[com.google.firebase:firebase-messaging:23.3.1] AndroidManifest.xml:61:17-119
105                android:value="com.google.firebase.components.ComponentRegistrar" />
105-->[com.google.firebase:firebase-messaging:23.3.1] AndroidManifest.xml:62:17-82
106            <meta-data
106-->[com.google.firebase:firebase-installations:17.2.0] AndroidManifest.xml:15:13-17:85
107                android:name="com.google.firebase.components:com.google.firebase.installations.FirebaseInstallationsKtxRegistrar"
107-->[com.google.firebase:firebase-installations:17.2.0] AndroidManifest.xml:16:17-130
108                android:value="com.google.firebase.components.ComponentRegistrar" />
108-->[com.google.firebase:firebase-installations:17.2.0] AndroidManifest.xml:17:17-82
109            <meta-data
109-->[com.google.firebase:firebase-installations:17.2.0] AndroidManifest.xml:18:13-20:85
110                android:name="com.google.firebase.components:com.google.firebase.installations.FirebaseInstallationsRegistrar"
110-->[com.google.firebase:firebase-installations:17.2.0] AndroidManifest.xml:19:17-127
111                android:value="com.google.firebase.components.ComponentRegistrar" />
111-->[com.google.firebase:firebase-installations:17.2.0] AndroidManifest.xml:20:17-82
112            <meta-data
112-->[com.google.firebase:firebase-common-ktx:20.4.2] AndroidManifest.xml:12:13-14:85
113                android:name="com.google.firebase.components:com.google.firebase.ktx.FirebaseCommonLegacyRegistrar"
113-->[com.google.firebase:firebase-common-ktx:20.4.2] AndroidManifest.xml:13:17-116
114                android:value="com.google.firebase.components.ComponentRegistrar" />
114-->[com.google.firebase:firebase-common-ktx:20.4.2] AndroidManifest.xml:14:17-82
115            <meta-data
115-->[com.google.firebase:firebase-common:20.4.2] AndroidManifest.xml:35:13-37:85
116                android:name="com.google.firebase.components:com.google.firebase.FirebaseCommonKtxRegistrar"
116-->[com.google.firebase:firebase-common:20.4.2] AndroidManifest.xml:36:17-109
117                android:value="com.google.firebase.components.ComponentRegistrar" />
117-->[com.google.firebase:firebase-common:20.4.2] AndroidManifest.xml:37:17-82
118            <meta-data
118-->[com.google.firebase:firebase-datatransport:18.1.7] AndroidManifest.xml:27:13-29:85
119                android:name="com.google.firebase.components:com.google.firebase.datatransport.TransportRegistrar"
119-->[com.google.firebase:firebase-datatransport:18.1.7] AndroidManifest.xml:28:17-115
120                android:value="com.google.firebase.components.ComponentRegistrar" />
120-->[com.google.firebase:firebase-datatransport:18.1.7] AndroidManifest.xml:29:17-82
121        </service>
122
123        <activity
123-->[com.google.android.gms:play-services-base:18.0.1] AndroidManifest.xml:20:9-22:45
124            android:name="com.google.android.gms.common.api.GoogleApiActivity"
124-->[com.google.android.gms:play-services-base:18.0.1] AndroidManifest.xml:20:19-85
125            android:exported="false"
125-->[com.google.android.gms:play-services-base:18.0.1] AndroidManifest.xml:22:19-43
126            android:theme="@android:style/Theme.Translucent.NoTitleBar" />
126-->[com.google.android.gms:play-services-base:18.0.1] AndroidManifest.xml:21:19-78
127
128        <provider
128-->[com.google.firebase:firebase-common:20.4.2] AndroidManifest.xml:23:9-28:39
129            android:name="com.google.firebase.provider.FirebaseInitProvider"
129-->[com.google.firebase:firebase-common:20.4.2] AndroidManifest.xml:24:13-77
130            android:authorities="lb.edu.lau.eru.firebaseinitprovider"
130-->[com.google.firebase:firebase-common:20.4.2] AndroidManifest.xml:25:13-72
131            android:directBootAware="true"
131-->[com.google.firebase:firebase-common:20.4.2] AndroidManifest.xml:26:13-43
132            android:exported="false"
132-->[com.google.firebase:firebase-common:20.4.2] AndroidManifest.xml:27:13-37
133            android:initOrder="100" />
133-->[com.google.firebase:firebase-common:20.4.2] AndroidManifest.xml:28:13-36
134        <provider
134-->[androidx.emoji2:emoji2:1.2.0] AndroidManifest.xml:24:9-32:20
135            android:name="androidx.startup.InitializationProvider"
135-->[androidx.emoji2:emoji2:1.2.0] AndroidManifest.xml:25:13-67
136            android:authorities="lb.edu.lau.eru.androidx-startup"
136-->[androidx.emoji2:emoji2:1.2.0] AndroidManifest.xml:26:13-68
137            android:exported="false" >
137-->[androidx.emoji2:emoji2:1.2.0] AndroidManifest.xml:27:13-37
138            <meta-data
138-->[androidx.emoji2:emoji2:1.2.0] AndroidManifest.xml:29:13-31:52
139                android:name="androidx.emoji2.text.EmojiCompatInitializer"
139-->[androidx.emoji2:emoji2:1.2.0] AndroidManifest.xml:30:17-75
140                android:value="androidx.startup" />
140-->[androidx.emoji2:emoji2:1.2.0] AndroidManifest.xml:31:17-49
141            <meta-data
141-->[androidx.lifecycle:lifecycle-process:2.6.1] AndroidManifest.xml:29:13-31:52
142                android:name="androidx.lifecycle.ProcessLifecycleInitializer"
142-->[androidx.lifecycle:lifecycle-process:2.6.1] AndroidManifest.xml:30:17-78
143                android:value="androidx.startup" />
143-->[androidx.lifecycle:lifecycle-process:2.6.1] AndroidManifest.xml:31:17-49
144            <meta-data
144-->[androidx.profileinstaller:profileinstaller:1.3.0] AndroidManifest.xml:29:13-31:52
145                android:name="androidx.profileinstaller.ProfileInstallerInitializer"
145-->[androidx.profileinstaller:profileinstaller:1.3.0] AndroidManifest.xml:30:17-85
146                android:value="androidx.startup" />
146-->[androidx.profileinstaller:profileinstaller:1.3.0] AndroidManifest.xml:31:17-49
147        </provider>
148
149        <meta-data
149-->[com.google.android.gms:play-services-basement:18.1.0] AndroidManifest.xml:21:9-23:69
150            android:name="com.google.android.gms.version"
150-->[com.google.android.gms:play-services-basement:18.1.0] AndroidManifest.xml:22:13-58
151            android:value="@integer/google_play_services_version" />
151-->[com.google.android.gms:play-services-basement:18.1.0] AndroidManifest.xml:23:13-66
152
153        <receiver
153-->[androidx.profileinstaller:profileinstaller:1.3.0] AndroidManifest.xml:34:9-52:20
154            android:name="androidx.profileinstaller.ProfileInstallReceiver"
154-->[androidx.profileinstaller:profileinstaller:1.3.0] AndroidManifest.xml:35:13-76
155            android:directBootAware="false"
155-->[androidx.profileinstaller:profileinstaller:1.3.0] AndroidManifest.xml:36:13-44
156            android:enabled="true"
156-->[androidx.profileinstaller:profileinstaller:1.3.0] AndroidManifest.xml:37:13-35
157            android:exported="true"
157-->[androidx.profileinstaller:profileinstaller:1.3.0] AndroidManifest.xml:38:13-36
158            android:permission="android.permission.DUMP" >
158-->[androidx.profileinstaller:profileinstaller:1.3.0] AndroidManifest.xml:39:13-57
159            <intent-filter>
159-->[androidx.profileinstaller:profileinstaller:1.3.0] AndroidManifest.xml:40:13-42:29
160                <action android:name="androidx.profileinstaller.action.INSTALL_PROFILE" />
160-->[androidx.profileinstaller:profileinstaller:1.3.0] AndroidManifest.xml:41:17-91
160-->[androidx.profileinstaller:profileinstaller:1.3.0] AndroidManifest.xml:41:25-88
161            </intent-filter>
162            <intent-filter>
162-->[androidx.profileinstaller:profileinstaller:1.3.0] AndroidManifest.xml:43:13-45:29
163                <action android:name="androidx.profileinstaller.action.SKIP_FILE" />
163-->[androidx.profileinstaller:profileinstaller:1.3.0] AndroidManifest.xml:44:17-85
163-->[androidx.profileinstaller:profileinstaller:1.3.0] AndroidManifest.xml:44:25-82
164            </intent-filter>
165            <intent-filter>
165-->[androidx.profileinstaller:profileinstaller:1.3.0] AndroidManifest.xml:46:13-48:29
166                <action android:name="androidx.profileinstaller.action.SAVE_PROFILE" />
166-->[androidx.profileinstaller:profileinstaller:1.3.0] AndroidManifest.xml:47:17-88
166-->[androidx.profileinstaller:profileinstaller:1.3.0] AndroidManifest.xml:47:25-85
167            </intent-filter>
168            <intent-filter>
168-->[androidx.profileinstaller:profileinstaller:1.3.0] AndroidManifest.xml:49:13-51:29
169                <action android:name="androidx.profileinstaller.action.BENCHMARK_OPERATION" />
169-->[androidx.profileinstaller:profileinstaller:1.3.0] AndroidManifest.xml:50:17-95
169-->[androidx.profileinstaller:profileinstaller:1.3.0] AndroidManifest.xml:50:25-92
170            </intent-filter>
171        </receiver>
172
173        <service
173-->[com.google.android.datatransport:transport-backend-cct:3.1.8] AndroidManifest.xml:28:9-34:19
174            android:name="com.google.android.datatransport.runtime.backends.TransportBackendDiscovery"
174-->[com.google.android.datatransport:transport-backend-cct:3.1.8] AndroidManifest.xml:29:13-103
175            android:exported="false" >
175-->[com.google.android.datatransport:transport-backend-cct:3.1.8] AndroidManifest.xml:30:13-37
176            <meta-data
176-->[com.google.android.datatransport:transport-backend-cct:3.1.8] AndroidManifest.xml:31:13-33:39
177                android:name="backend:com.google.android.datatransport.cct.CctBackendFactory"
177-->[com.google.android.datatransport:transport-backend-cct:3.1.8] AndroidManifest.xml:32:17-94
178                android:value="cct" />
178-->[com.google.android.datatransport:transport-backend-cct:3.1.8] AndroidManifest.xml:33:17-36
179        </service>
180        <service
180-->[com.google.android.datatransport:transport-runtime:3.1.8] AndroidManifest.xml:26:9-30:19
181            android:name="com.google.android.datatransport.runtime.scheduling.jobscheduling.JobInfoSchedulerService"
181-->[com.google.android.datatransport:transport-runtime:3.1.8] AndroidManifest.xml:27:13-117
182            android:exported="false"
182-->[com.google.android.datatransport:transport-runtime:3.1.8] AndroidManifest.xml:28:13-37
183            android:permission="android.permission.BIND_JOB_SERVICE" >
183-->[com.google.android.datatransport:transport-runtime:3.1.8] AndroidManifest.xml:29:13-69
184        </service>
185
186        <receiver
186-->[com.google.android.datatransport:transport-runtime:3.1.8] AndroidManifest.xml:32:9-34:40
187            android:name="com.google.android.datatransport.runtime.scheduling.jobscheduling.AlarmManagerSchedulerBroadcastReceiver"
187-->[com.google.android.datatransport:transport-runtime:3.1.8] AndroidManifest.xml:33:13-132
188            android:exported="false" />
188-->[com.google.android.datatransport:transport-runtime:3.1.8] AndroidManifest.xml:34:13-37
189    </application>
190
191</manifest>